
/home/violet/projects/crossbeams/crossbeams-label_designer/lib/crossbeams/label_designer/assets/label_design.js
     1:2    warning  Unexpected unnamed function                                      func-names
    33:13   error    'findPos' was used before it was defined                         no-use-before-define
    55:19   error    'ui' is defined but never used                                   no-unused-vars
    59:7    error    'doResizeCanvas' was used before it was defined                  no-use-before-define
    68:33   error    'event' is defined but never used                                no-unused-vars
    68:62   error    'findPos' was used before it was defined                         no-use-before-define
    81:11   error    Expected a default case                                          default-case
   100:34   warning  Unexpected unnamed function                                      func-names
   101:5    error    'updateStartCoords' was used before it was defined               no-use-before-define
   103:13   error    'myShape' is assigned a value but never used                     no-unused-vars
   106:32   warning  Unexpected unnamed function                                      func-names
   106:42   error    'event' is defined but never used                                no-unused-vars
   113:13   error    'overlap' was used before it was defined                         no-use-before-define
   120:5    error    'UndoEngine' is not defined                                      no-undef
   120:99   warning  Unexpected console statement                                     no-console
   120:146  warning  Unexpected console statement                                     no-console
   122:5    error    'clearTool' was used before it was defined                       no-use-before-define
   126:35   warning  Unexpected unnamed function                                      func-names
   128:11   error    Identifier 'original_width' is not in camel case                 camelcase
   129:19   error    Missing radix parameter                                          radix
   130:5    error    'doResizeCanvas' was used before it was defined                  no-use-before-define
   132:36   warning  Unexpected unnamed function                                      func-names
   133:20   error    Missing radix parameter                                          radix
   134:11   error    Identifier 'original_height' is not in camel case                camelcase
   136:5    error    'doResizeCanvas' was used before it was defined                  no-use-before-define
   140:31   warning  Unexpected unnamed function                                      func-names
   140:41   error    'event' is defined but never used                                no-unused-vars
   144:32   warning  Unexpected unnamed function                                      func-names
   149:34   warning  Unexpected unnamed function                                      func-names
   154:37   warning  Unexpected unnamed function                                      func-names
   165:47   warning  Unexpected unnamed function                                      func-names
   184:35   warning  Unexpected unnamed function                                      func-names
   226:35   warning  Unexpected unnamed function                                      func-names
   247:41   warning  Unexpected unnamed function                                      func-names
   249:25   error    'activateTool' was used before it was defined                    no-use-before-define
   252:5    error    'clearTool' was used before it was defined                       no-use-before-define
   268:42   error    Identifier 'original_width' is not in camel case                 camelcase
   268:65   error    Identifier 'original_height' is not in camel case                camelcase
   272:11   error    Identifier 'original_width' is not in camel case                 camelcase
   275:16   error    Identifier 'original_width' is not in camel case                 camelcase
   277:7    warning  Unexpected alert                                                 no-alert
   282:11   error    Identifier 'original_height' is not in camel case                camelcase
   285:16   error    Identifier 'original_height' is not in camel case                camelcase
   287:7    warning  Unexpected alert                                                 no-alert
   295:19   error    'getChildrenOfType' was used before it was defined               no-use-before-define
   305:5    error    Split 'let' declarations into multiple statements                one-var
   308:7    error    Unexpected assignment within a 'do...while' statement            no-cond-assign
   311:16   error    Assignment to function parameter 'obj'                           no-param-reassign
   318:5    error    Assignment to function parameter 'event'                         no-param-reassign
   323:24   error    Unexpected mix of '+' and '-'                                    no-mixed-operators
   323:51   error    Unexpected mix of '+' and '-'                                    no-mixed-operators
   324:24   error    Unexpected mix of '+' and '-'                                    no-mixed-operators
   324:50   error    Unexpected mix of '+' and '-'                                    no-mixed-operators
   380:25   error    Identifier 'tool_handle' is not in camel case                    camelcase
   398:5    error    'imageDialog' was used before it was defined                     no-use-before-define
   400:3    error    Unexpected var, use let or const instead                         no-var
   400:3    error    All 'var' declarations must be at the top of the function scope  vars-on-top
   406:27   error    'addImage' was used before it was defined                        no-use-before-define
   415:41   warning  Unexpected unnamed function                                      func-names
   429:25   warning  Unexpected unnamed function                                      func-names
   433:24   warning  Unexpected unnamed function                                      func-names
   434:19   error    'myShape' is assigned a value but never used                     no-unused-vars
   450:18   error    'toImageDataURL' is not defined                                  no-undef
   460:15   error    'data' is defined but never used                                 no-unused-vars
   461:9    warning  Unexpected alert                                                 no-alert
   463:13   error    'data' is defined but never used                                 no-unused-vars
   464:9    warning  Unexpected alert                                                 no-alert
   494:47   warning  Unexpected unnamed function                                      func-names
   497:34   warning  Unexpected unnamed function                                      func-names
   525:47   warning  Unexpected unnamed function                                      func-names
   528:34   warning  Unexpected unnamed function                                      func-names
   608:15   warning  Unexpected confirm                                               no-alert
   627:13   warning  Unexpected alert                                                 no-alert
   655:11   error    Unexpected if as the only statement in an else block             no-lonely-if
   661:16   error    'event' is defined but never used                                no-unused-vars
   679:19   error    'event' is defined but never used                                no-unused-vars
   705:16   error    'event' is defined but never used                                no-unused-vars
   716:21   error    'event' is defined but never used                                no-unused-vars
   729:16   error    'event' is defined but never used                                no-unused-vars
   743:19   error    'event' is defined but never used                                no-unused-vars
   760:23   error    'event' is defined but never used                                no-unused-vars
   843:15   error    'stage' is assigned a value but never used                       no-unused-vars
   856:31   warning  Unexpected unnamed function                                      func-names
   860:43   warning  Unexpected unnamed function                                      func-names
   871:32   warning  Unexpected unnamed function                                      func-names
   873:17   error    'layer' is already declared in the upper scope                   no-shadow
   885:31   warning  Unexpected unnamed function                                      func-names
   886:17   error    'layer' is already declared in the upper scope                   no-shadow
   893:18   error    'event' is defined but never used                                no-unused-vars
   903:22   error    Missing trailing comma                                           comma-dangle
   909:23   error    Missing trailing comma                                           comma-dangle
   915:26   error    Missing trailing comma                                           comma-dangle
   921:25   error    Missing trailing comma                                           comma-dangle
   934:11   error    Expected a default case                                          default-case
   936:15   error    Unexpected var, use let or const instead                         no-var
   936:15   error    All 'var' declarations must be at the top of the function scope  vars-on-top
   937:15   error    All 'var' declarations must be at the top of the function scope  vars-on-top
   937:15   error    Unexpected var, use let or const instead                         no-var
   944:15   error    Unexpected var, use let or const instead                         no-var
   944:15   error    All 'var' declarations must be at the top of the function scope  vars-on-top
   944:19   error    'newX' is already defined                                        no-redeclare
   945:15   error    All 'var' declarations must be at the top of the function scope  vars-on-top
   945:15   error    Unexpected var, use let or const instead                         no-var
   945:19   error    'newY' is already defined                                        no-redeclare
   970:13   error    Expected a default case                                          default-case
   992:1    error    Line 992 exceeds the maximum line length of 100                  max-len
   994:25   error    'position' is assigned a value but never used                    no-unused-vars
   997:42   error    Unexpected mix of '+' and '/'                                    no-mixed-operators
   997:50   error    Unexpected mix of '+' and '/'                                    no-mixed-operators
   998:42   error    Unexpected mix of '+' and '/'                                    no-mixed-operators
   998:51   error    Unexpected mix of '+' and '/'                                    no-mixed-operators
  1010:13   error    Expected a default case                                          default-case
  1031:74   error    'anchorY' is defined but never used                              no-unused-vars
  1111:46   error    'overlap' was used before it was defined                         no-use-before-define
  1117:7    error    Expected to return a value at the end of method 'outOfBorder'    consistent-return
  1119:23   error    'actualPosition' was used before it was defined                  no-use-before-define
  1130:11   error    Unreachable code                                                 no-unreachable
  1136:23   error    'actualPosition' was used before it was defined                  no-use-before-define
  1204:11   error    'overlap' is already declared in the upper scope                 no-shadow
  1208:26   error    'actualPosition' was used before it was defined                  no-use-before-define
  1211:22   error    'actualPosition' was used before it was defined                  no-use-before-define
  1227:42   error    Expected '===' and instead saw '=='                              eqeqeq
  1249:5    error    Expected a default case                                          default-case
  1344:20   error    Identifier 'label_json' is not in camel case                     camelcase
  1432:9    error    'labelJSON' is never reassigned. Use 'const' instead             prefer-const
  1437:9    warning  Unexpected console statement                                     no-console
  1444:9    error    'dataURL' is never reassigned. Use 'const' instead               prefer-const
  1455:17   error    Identifier 'variable_string' is not in camel case                camelcase
  1473:24   error    Identifier 'variable_string' is not in camel case                camelcase
  1484:29   error    Expected '!==' and instead saw '!='                              eqeqeq

✖ 130 problems (97 errors, 33 warnings)
  4 errors, 0 warnings potentially fixable with the `--fix` option.

